<?xml version="1.0" encoding="UTF-8" ?>
<testsuite errors="0" failures="1" hostname="test" name="hudson.plugins.emailext.test.FailedTest" tests="1" time="1" timestamp="2012-07-05T21:08:10">
    <properties/>
    <testcase classname="hudson.plugins.emailext.test.FailedTest" name="failed" time="1">
        <failure message="test failed" type="junit.framework.AssertionFailedError">test failed
        </failure>
    </testcase>
    <system-out><![CDATA[]]></system-out>
    <system-err><![CDATA[]]></system-err>
</testsuite>